<?xml version="1.0" encoding="UTF-8"?>
<testng-results ignored="0" total="2" passed="2" failed="0" skipped="0">
  <reporter-output>
  </reporter-output>
  <suite started-at="2024-01-28T02:35:03 CST" name="Default suite" finished-at="2024-01-28T02:35:19 CST" duration-ms="16548">
    <groups>
    </groups>
    <test started-at="2024-01-28T02:35:03 CST" name="Default test" finished-at="2024-01-28T02:35:19 CST" duration-ms="16548">
      <class name="variousCOncept.crmTEst">
        <test-method is-config="true" signature="readConfig()[pri:0, instance:variousCOncept.crmTEst@196a42c3]" started-at="2024-01-28T02:35:03 CST" name="readConfig" finished-at="2024-01-28T02:35:03 CST" duration-ms="11" status="PASS">
          <reporter-output>
          </reporter-output>
        </test-method> <!-- readConfig -->
        <test-method is-config="true" signature="init()[pri:0, instance:variousCOncept.crmTEst@196a42c3]" started-at="2024-01-28T02:35:03 CST" name="init" finished-at="2024-01-28T02:35:05 CST" duration-ms="2684" status="PASS">
          <reporter-output>
          </reporter-output>
        </test-method> <!-- init -->
        <test-method signature="testAlert()[pri:0, instance:variousCOncept.crmTEst@196a42c3]" started-at="2024-01-28T02:35:05 CST" name="testAlert" finished-at="2024-01-28T02:35:06 CST" duration-ms="220" status="PASS">
          <reporter-output>
          </reporter-output>
        </test-method> <!-- testAlert -->
        <test-method is-config="true" signature="teardown()[pri:0, instance:variousCOncept.crmTEst@196a42c3]" started-at="2024-01-28T02:35:06 CST" name="teardown" finished-at="2024-01-28T02:35:06 CST" duration-ms="77" status="PASS">
          <reporter-output>
          </reporter-output>
        </test-method> <!-- teardown -->
        <test-method is-config="true" signature="init()[pri:0, instance:variousCOncept.crmTEst@196a42c3]" started-at="2024-01-28T02:35:06 CST" name="init" finished-at="2024-01-28T02:35:08 CST" duration-ms="2241" status="PASS">
          <reporter-output>
          </reporter-output>
        </test-method> <!-- init -->
        <test-method signature="testLogin()[pri:0, instance:variousCOncept.crmTEst@196a42c3]" started-at="2024-01-28T02:35:08 CST" name="testLogin" finished-at="2024-01-28T02:35:19 CST" duration-ms="11181" status="PASS">
          <reporter-output>
          </reporter-output>
        </test-method> <!-- testLogin -->
        <test-method is-config="true" signature="teardown()[pri:0, instance:variousCOncept.crmTEst@196a42c3]" started-at="2024-01-28T02:35:19 CST" name="teardown" finished-at="2024-01-28T02:35:19 CST" duration-ms="108" status="PASS">
          <reporter-output>
          </reporter-output>
        </test-method> <!-- teardown -->
      </class> <!-- variousCOncept.crmTEst -->
    </test> <!-- Default test -->
  </suite> <!-- Default suite -->
</testng-results>
